<?xml version="1.0" encoding="UTF-8"?>
<testng-results ignored="0" total="1" passed="1" failed="0" skipped="0">
  <reporter-output>
  </reporter-output>
  <suite started-at="2023-07-14T15:39:44 IST" name="Default suite" finished-at="2023-07-14T15:39:55 IST" duration-ms="10641">
    <groups>
    </groups>
    <test started-at="2023-07-14T15:39:44 IST" name="Default test" finished-at="2023-07-14T15:39:55 IST" duration-ms="10641">
      <class name="com.testcases.homeTest">
        <test-method is-config="true" signature="initbrowser()[pri:0, instance:com.testcases.homeTest@4c402120]" started-at="2023-07-14T15:39:35 IST" name="initbrowser" finished-at="2023-07-14T15:39:44 IST" duration-ms="9548" status="PASS">
          <reporter-output>
          </reporter-output>
        </test-method> <!-- initbrowser -->
        <test-method is-config="true" signature="Objects()[pri:0, instance:com.testcases.homeTest@4c402120]" started-at="2023-07-14T15:39:44 IST" name="Objects" finished-at="2023-07-14T15:39:44 IST" duration-ms="37" status="PASS">
          <reporter-output>
          </reporter-output>
        </test-method> <!-- Objects -->
        <test-method is-config="true" signature="cler()[pri:0, instance:com.testcases.homeTest@4c402120]" started-at="2023-07-14T15:39:44 IST" name="cler" finished-at="2023-07-14T15:39:44 IST" duration-ms="76" status="PASS">
          <reporter-output>
          </reporter-output>
        </test-method> <!-- cler -->
        <test-method signature="test1()[pri:0, instance:com.testcases.homeTest@4c402120]" started-at="2023-07-14T15:39:44 IST" name="test1" finished-at="2023-07-14T15:39:55 IST" duration-ms="10493" status="PASS">
          <reporter-output>
          </reporter-output>
        </test-method> <!-- test1 -->
        <test-method is-config="true" signature="tearDown()[pri:0, instance:com.testcases.homeTest@4c402120]" started-at="2023-07-14T15:39:55 IST" name="tearDown" finished-at="2023-07-14T15:39:55 IST" duration-ms="392" status="PASS">
          <reporter-output>
          </reporter-output>
        </test-method> <!-- tearDown -->
      </class> <!-- com.testcases.homeTest -->
    </test> <!-- Default test -->
  </suite> <!-- Default suite -->
</testng-results>
