<?xml version="1.0" encoding="UTF-8"?>
<testng-results ignored="0" total="1" passed="1" failed="0" skipped="0">
  <reporter-output>
  </reporter-output>
  <suite started-at="2023-07-17T19:26:25 IST" name="Suite" finished-at="2023-07-17T19:26:38 IST" duration-ms="12928">
    <groups>
    </groups>
    <test started-at="2023-07-17T19:26:25 IST" name="Test" finished-at="2023-07-17T19:26:38 IST" duration-ms="12928">
      <class name="com.testcases.homeTest">
        <test-method is-config="true" signature="initbrowser()[pri:0, instance:com.testcases.homeTest@4c402120]" started-at="2023-07-17T19:26:10 IST" name="initbrowser" finished-at="2023-07-17T19:26:25 IST" duration-ms="14933" status="PASS">
          <reporter-output>
          </reporter-output>
        </test-method> <!-- initbrowser -->
        <test-method is-config="true" signature="Objects()[pri:0, instance:com.testcases.homeTest@4c402120]" started-at="2023-07-17T19:26:25 IST" name="Objects" finished-at="2023-07-17T19:26:25 IST" duration-ms="61" status="PASS">
          <reporter-output>
          </reporter-output>
        </test-method> <!-- Objects -->
        <test-method is-config="true" signature="cler()[pri:0, instance:com.testcases.homeTest@4c402120]" started-at="2023-07-17T19:26:25 IST" name="cler" finished-at="2023-07-17T19:26:25 IST" duration-ms="128" status="PASS">
          <reporter-output>
          </reporter-output>
        </test-method> <!-- cler -->
        <test-method signature="test1()[pri:0, instance:com.testcases.homeTest@4c402120]" started-at="2023-07-17T19:26:25 IST" name="test1" finished-at="2023-07-17T19:26:38 IST" duration-ms="12628" status="PASS">
          <reporter-output>
          </reporter-output>
        </test-method> <!-- test1 -->
        <test-method is-config="true" signature="tearDown()[pri:0, instance:com.testcases.homeTest@4c402120]" started-at="2023-07-17T19:26:38 IST" name="tearDown" finished-at="2023-07-17T19:26:39 IST" duration-ms="496" status="PASS">
          <reporter-output>
          </reporter-output>
        </test-method> <!-- tearDown -->
      </class> <!-- com.testcases.homeTest -->
    </test> <!-- Test -->
  </suite> <!-- Suite -->
</testng-results>
